<?xml version="1.0" encoding="UTF-8"?>
<!-- Generated by org.testng.reporters.JUnitReportReporter -->
<testsuite skipped="0" hostname="Arshad-PC" name="Testng.TestNGAnotation_2" tests="1" failures="0" timestamp="23 Apr 2017 17:08:15 GMT" time="0.010" errors="0">
  <testcase name="test3" time="0.010" classname="Testng.TestNGAnotation_2"/>
</testsuite> <!-- Testng.TestNGAnotation_2 -->
