<?xml version="1.0" encoding="UTF-8"?>
<!-- Generated by org.testng.reporters.JUnitReportReporter -->
<testsuite skipped="0" hostname="Arshad-PC" name="Testng.TestNGAnotation_1" tests="2" failures="0" timestamp="23 Apr 2017 17:05:33 GMT" time="0.036" errors="0">
  <testcase name="test1" time="0.030" classname="Testng.TestNGAnotation_1"/>
  <testcase name="test2" time="0.006" classname="Testng.TestNGAnotation_1"/>
</testsuite> <!-- Testng.TestNGAnotation_1 -->
